<?xml version="1.0" encoding="UTF-8"?>
<!-- Generated by org.testng.reporters.JUnitReportReporter -->
<testsuite hostname="Nirvi" failures="0" tests="2" name="com.sgtesting.testngseleniumautomation.ActiTimeTestngSelenium" time="7.300" errors="0" timestamp="2022-09-13T17:00:46 IST" skipped="0">
  <testcase classname="com.sgtesting.testngseleniumautomation.ActiTimeTestngSelenium" name="login" time="5.156"/>
  <system-out/>
  <testcase classname="com.sgtesting.testngseleniumautomation.ActiTimeTestngSelenium" name="logout" time="2.144"/>
  <system-out/>
</testsuite> <!-- com.sgtesting.testngseleniumautomation.ActiTimeTestngSelenium -->
